This is pdfTeX, Version 3.141592653-2.6-1.40.26 (MiKTeX 24.4) (preloaded format=pdflatex 2024.10.7)  9 OCT 2024 18:08
entering extended mode
 restricted \write18 enabled.
 %&-line parsing enabled.
**c:/Users/gmccarthy/Documents/PC_RTD_GITHUB_resources/PC_latex/docs/latex_math
s/equations_1step/makers/invop1_1_ans.tex

(c:/Users/gmccarthy/Documents/PC_RTD_GITHUB_resources/PC_latex/docs/latex_maths
/equations_1step/makers/invop1_1_ans.tex
LaTeX2e <2024-06-01> patch level 2
L3 programming layer <2024-08-30>

(C:\Users\gmccarthy\AppData\Local\Programs\MiKTeX\tex/latex/standalone\standalo
ne.cls
Document Class: standalone 2022/10/10 v1.3b Class to compile TeX sub-files stan
dalone
(C:\Users\gmccarthy\AppData\Local\Programs\MiKTeX\tex/latex/tools\shellesc.sty
Package: shellesc 2023/07/08 v1.0d unified shell escape interface for LaTeX
Package shellesc Info: Restricted shell escape enabled on input line 77.
)
(C:\Users\gmccarthy\AppData\Local\Programs\MiKTeX\tex/generic/iftex\ifluatex.st
y
Package: ifluatex 2019/10/25 v1.5 ifluatex legacy package. Use iftex instead.
 (C:\Users\gmccarthy\AppData\Local\Programs\MiKTeX\tex/generic/iftex\iftex.sty
Package: iftex 2022/02/03 v1.0f TeX engine tests
))
(C:\Users\gmccarthy\AppData\Local\Programs\MiKTeX\tex/latex/xkeyval\xkeyval.sty
Package: xkeyval 2022/06/16 v2.9 package option processing (HA)

(C:\Users\gmccarthy\AppData\Local\Programs\MiKTeX\tex/generic/xkeyval\xkeyval.t
ex
(C:\Users\gmccarthy\AppData\Local\Programs\MiKTeX\tex/generic/xkeyval\xkvutils.
tex
\XKV@toks=\toks17
\XKV@tempa@toks=\toks18

(C:\Users\gmccarthy\AppData\Local\Programs\MiKTeX\tex/generic/xkeyval\keyval.te
x))
\XKV@depth=\count194
File: xkeyval.tex 2014/12/03 v2.7a key=value parser (HA)
))
\sa@internal=\count195
\c@sapage=\count196

(C:\Users\gmccarthy\AppData\Local\Programs\MiKTeX\tex/latex/standalone\standalo
ne.cfg
File: standalone.cfg 2022/10/10 v1.3b Default configuration file for 'standalon
e' class
)
(C:\Users\gmccarthy\AppData\Local\Programs\MiKTeX\tex/latex/base\article.cls
Document Class: article 2024/02/08 v1.4n Standard LaTeX document class
(C:\Users\gmccarthy\AppData\Local\Programs\MiKTeX\tex/latex/base\size10.clo
File: size10.clo 2024/02/08 v1.4n Standard LaTeX file (size option)
)
\c@part=\count197
\c@section=\count198
\c@subsection=\count199
\c@subsubsection=\count266
\c@paragraph=\count267
\c@subparagraph=\count268
\c@figure=\count269
\c@table=\count270
\abovecaptionskip=\skip49
\belowcaptionskip=\skip50
\bibindent=\dimen141
)
(C:\Users\gmccarthy\AppData\Local\Programs\MiKTeX\tex/latex/varwidth\varwidth.s
ty
Package: varwidth 2009/03/30 ver 0.92;  Variable-width minipages
\@vwid@box=\box52
\sift@deathcycles=\count271
\@vwid@loff=\dimen142
\@vwid@roff=\dimen143
)
\sa@box=\box53
)
(C:\Users\gmccarthy\AppData\Local\Programs\MiKTeX\tex/latex/amsmath\amsmath.sty
Package: amsmath 2024/05/23 v2.17q AMS math features
\@mathmargin=\skip51
For additional information on amsmath, use the `?' option.

(C:\Users\gmccarthy\AppData\Local\Programs\MiKTeX\tex/latex/amsmath\amstext.sty
Package: amstext 2021/08/26 v2.01 AMS text
(C:\Users\gmccarthy\AppData\Local\Programs\MiKTeX\tex/latex/amsmath\amsgen.sty
File: amsgen.sty 1999/11/30 v2.0 generic functions
\@emptytoks=\toks19
\ex@=\dimen144
))
(C:\Users\gmccarthy\AppData\Local\Programs\MiKTeX\tex/latex/amsmath\amsbsy.sty
Package: amsbsy 1999/11/29 v1.2d Bold Symbols
\pmbraise@=\dimen145
) (C:\Users\gmccarthy\AppData\Local\Programs\MiKTeX\tex/latex/amsmath\amsopn.st
y
Package: amsopn 2022/04/08 v2.04 operator names
)
\inf@bad=\count272
LaTeX Info: Redefining \frac on input line 233.
\uproot@=\count273
\leftroot@=\count274
LaTeX Info: Redefining \overline on input line 398.
LaTeX Info: Redefining \colon on input line 409.
\classnum@=\count275
\DOTSCASE@=\count276
LaTeX Info: Redefining \ldots on input line 495.
LaTeX Info: Redefining \dots on input line 498.
LaTeX Info: Redefining \cdots on input line 619.
\Mathstrutbox@=\box54
\strutbox@=\box55
LaTeX Info: Redefining \big on input line 721.
LaTeX Info: Redefining \Big on input line 722.
LaTeX Info: Redefining \bigg on input line 723.
LaTeX Info: Redefining \Bigg on input line 724.
\big@size=\dimen146
LaTeX Font Info:    Redeclaring font encoding OML on input line 742.
LaTeX Font Info:    Redeclaring font encoding OMS on input line 743.
\macc@depth=\count277
LaTeX Info: Redefining \bmod on input line 904.
LaTeX Info: Redefining \pmod on input line 909.
LaTeX Info: Redefining \smash on input line 939.
LaTeX Info: Redefining \relbar on input line 969.
LaTeX Info: Redefining \Relbar on input line 970.
\c@MaxMatrixCols=\count278
\dotsspace@=\muskip17
\c@parentequation=\count279
\dspbrk@lvl=\count280
\tag@help=\toks20
\row@=\count281
\column@=\count282
\maxfields@=\count283
\andhelp@=\toks21
\eqnshift@=\dimen147
\alignsep@=\dimen148
\tagshift@=\dimen149
\tagwidth@=\dimen150
\totwidth@=\dimen151
\lineht@=\dimen152
\@envbody=\toks22
\multlinegap=\skip52
\multlinetaggap=\skip53
\mathdisplay@stack=\toks23
LaTeX Info: Redefining \[ on input line 2953.
LaTeX Info: Redefining \] on input line 2954.
) (C:\Users\gmccarthy\AppData\Local\Programs\MiKTeX\tex/latex/ulem\ulem.sty
\UL@box=\box56
\UL@hyphenbox=\box57
\UL@skip=\skip54
\UL@hook=\toks24
\UL@height=\dimen153
\UL@pe=\count284
\UL@pixel=\dimen154
\ULC@box=\box58
Package: ulem 2019/11/18
\ULdepth=\dimen155
)
(C:\Users\gmccarthy\AppData\Local\Programs\MiKTeX\tex/latex/preview\preview.sty
Package: preview 2024/06/30 14.0.6 (AUCTeX/preview-latex)

(C:\Users\gmccarthy\AppData\Local\Programs\MiKTeX\tex/latex/luatex85\luatex85.s
ty
Package: luatex85 2016/06/15 v1.4 pdftex aliases for luatex
)
(C:\Users\gmccarthy\AppData\Local\Programs\MiKTeX\tex/latex/preview\prtightpage
.def
\PreviewBorder=\dimen156
)
(C:\Users\gmccarthy\AppData\Local\Programs\MiKTeX\tex/latex/preview\prtightpage
.def)
\pr@snippet=\count285
\pr@box=\box59
\pr@output=\toks25
)
(C:\Users\gmccarthy\AppData\Local\Programs\MiKTeX\tex/latex/l3backend\l3backend
-pdftex.def
File: l3backend-pdftex.def 2024-05-08 L3 backend support: PDF output (pdfTeX)
\l__color_backend_stack_int=\count286
\l__pdf_internal_box=\box60
)
No file invop1_1_ans.aux.
\openout1 = `invop1_1_ans.aux'.

LaTeX Font Info:    Checking defaults for OML/cmm/m/it on input line 8.
LaTeX Font Info:    ... okay on input line 8.
LaTeX Font Info:    Checking defaults for OMS/cmsy/m/n on input line 8.
LaTeX Font Info:    ... okay on input line 8.
LaTeX Font Info:    Checking defaults for OT1/cmr/m/n on input line 8.
LaTeX Font Info:    ... okay on input line 8.
LaTeX Font Info:    Checking defaults for T1/cmr/m/n on input line 8.
LaTeX Font Info:    ... okay on input line 8.
LaTeX Font Info:    Checking defaults for TS1/cmr/m/n on input line 8.
LaTeX Font Info:    ... okay on input line 8.
LaTeX Font Info:    Checking defaults for OMX/cmex/m/n on input line 8.
LaTeX Font Info:    ... okay on input line 8.
LaTeX Font Info:    Checking defaults for U/cmr/m/n on input line 8.
LaTeX Font Info:    ... okay on input line 8.
Preview: Fontsize 10pt
Preview: PDFoutput 1
Preview: Tightpage -32891 -32891 32891 32891
[1{C:/Users/gmccarthy/AppData/Local/MiKTeX/fonts/map/pdftex/pdftex.map}]


(c:\Users\gmccarthy\Documents\PC_RTD_GITHUB_resources\PC_latex\docs\latex_maths
\equations_1step\makers\temp\invop1_1_ans.aux)
 ***********
LaTeX2e <2024-06-01> patch level 2
L3 programming layer <2024-08-30>
 ***********
 ) 
Here is how much of TeX's memory you used:
 2032 strings out of 473898
 34920 string characters out of 5724591
 417885 words of memory out of 5000000
 24919 multiletter control sequences out of 15000+600000
 558629 words of font info for 39 fonts, out of 8000000 for 9000
 1141 hyphenation exceptions out of 8191
 57i,15n,71p,432b,301s stack positions out of 10000i,1000n,20000p,200000b,200000s
<C:/Users/gmccarthy/AppData/Local/Programs/MiKTeX/fonts/type1/public/amsfonts
/cm/cmmi10.pfb><C:/Users/gmccarthy/AppData/Local/Programs/MiKTeX/fonts/type1/pu
blic/amsfonts/cm/cmr10.pfb><C:/Users/gmccarthy/AppData/Local/Programs/MiKTeX/fo
nts/type1/public/amsfonts/cm/cmsy10.pfb>
Output written on c:\Users\gmccarthy\Documents\PC_RTD_GITHUB_resources\PC_latex
\docs\latex_maths\equations_1step\makers\invop1_1_ans.pdf (1 page, 27533 bytes)
.
PDF statistics:
 21 PDF objects out of 1000 (max. 8388607)
 0 named destinations out of 1000 (max. 500000)
 1 words of extra memory for PDF output out of 10000 (max. 10000000)

